[compileVorapisClientInstance] Building V3 WebExtension starting.
Vorapis build path is "D:\work\node_test\builder\base\"
Loading COMPONANT "polyfill.js"... true
Loading COMPONANT "redirector.js"... true
Loading COMPONANT "jquery-3.4.1.min.js"... true
Loading COMPONANT "servant.js"... true
Loading COMPONANT "endpoint_search.js"... true
Loading COMPONANT "pseudolocale.js"... true
Loading COMPONANT "v3core_css.js"... true
Loading CONFIGURATION FILE "CONFIG.js"... true
Loading COMPONANT "DebugMgr.js"... true
Loading COMPONANT "DebugInterface.js"... true
Loading COMPONANT "vorapis.js"... true
Loading COMPONANT "googleapis.js"... true
Loading COMPONANT "SB_COMMENTS_STANDALONE.js"... true
Loading COMPONANT "PlusUcidUtils.js"... true
Loading COMPONANT "plus.js"... true
Loading COMPONANT "masthead_search_iframe.js"... true
Loading COMPONANT "Dogfood.js"... true
Loading COMPONANT "main.js"... true
Loading COMPONANT "gbar.js"... true
Loading COMPONANT "gnotification.js"... true
Loading COMPONANT "like_ajax.js"... true
Loading COMPONANT "playlist_bar_ajax.js"... true
Loading COMPONANT "browse_ajax.js"... true
Loading COMPONANT "picker_ajax.js"... true
Loading COMPONANT "watch_ajax.js"... true
Loading COMPONANT "notification_ajax.js"... true
Loading COMPONANT "comment_ajax.js"... true
Loading COMPONANT "subscribe_ajax.js"... true
Loading COMPONANT "channel_ajax.js"... true
Loading COMPONANT "playlist_ajax.js"... true
Loading COMPONANT "navigation_ajax.js"... true
Loading COMPONANT "internal_core.js"... true
Loading COMPONANT "ViewManager.js"... true
Loading COMPONANT "core.js"... true
Loading MODULE "[Access Denied]"... false
Loading MODULE "[Access Denied]"... false
Loading COMPONANT "Main_index.js"... true
Loading COMPONANT "index.js"... true
Loading COMPONANT "index.js"... true
Loading COMPONANT "index.js"... true
Loading COMPONANT "index.js"... true
Loading COMPONANT "index.js"... true
Loading COMPONANT "index.js"... true
Loading COMPONANT "index.js"... true
Loading COMPONANT "index.js"... true
Loading COMPONANT "theyoutubecollection.js"... true
PAKED COMPONANT "ReleaseInstance0.js" built successfully. 
Loading COMPONANT "embed_help_bakend.js"... true
PAKED COMPONANT "ReleaseInstance1.js" built successfully. 
Loading COMPONANT "content-youtube.googleapis.com.js"... true
PAKED COMPONANT "ReleaseInstance2.js" built successfully. 
